Determining if the pthread_create exist failed with the following output:
Change Dir: /home/dev/catkin_ws/build/CMakeFiles/CMakeTmp

Run Build Command:/usr/bin/make "cmTryCompileExec2591221939/fast"
/usr/bin/make -f CMakeFiles/cmTryCompileExec2591221939.dir/build.make CMakeFiles/cmTryCompileExec2591221939.dir/build
make[1]: Entering directory `/home/dev/catkin_ws/build/CMakeFiles/CMakeTmp'
/usr/bin/cmake -E cmake_progress_report /home/dev/catkin_ws/build/CMakeFiles/CMakeTmp/CMakeFiles 1
Building C object CMakeFiles/cmTryCompileExec2591221939.dir/CheckSymbolExists.c.o
/usr/bin/cc    -o CMakeFiles/cmTryCompileExec2591221939.dir/CheckSymbolExists.c.o   -c /home/dev/catkin_ws/build/CMakeFiles/CMakeTmp/CheckSymbolExists.c
Linking C executable cmTryCompileExec2591221939
/usr/bin/cmake -E cmake_link_script CMakeFiles/cmTryCompileExec2591221939.dir/link.txt --verbose=1
/usr/bin/cc       CMakeFiles/cmTryCompileExec2591221939.dir/CheckSymbolExists.c.o  -o cmTryCompileExec2591221939 -rdynamic 
CMakeFiles/cmTryCompileExec2591221939.dir/CheckSymbolExists.c.o: In function `main':
CheckSymbolExists.c:(.text+0x16): undefined reference to `pthread_create'
collect2: error: ld returned 1 exit status
make[1]: Leaving directory `/home/dev/catkin_ws/build/CMakeFiles/CMakeTmp'
make[1]: *** [cmTryCompileExec2591221939] Error 1
make: *** [cmTryCompileExec2591221939/fast] Error 2

File /home/dev/catkin_ws/build/CMakeFiles/CMakeTmp/CheckSymbolExists.c:
/* */
#include <pthread.h>

int main(int argc, char** argv)
{
  (void)argv;
#ifndef pthread_create
  return ((int*)(&pthread_create))[argc];
#else
  (void)argc;
  return 0;
#endif
}

Determining if the function pthread_create exists in the pthreads failed with the following output:
Change Dir: /home/dev/catkin_ws/build/CMakeFiles/CMakeTmp

Run Build Command:/usr/bin/make "cmTryCompileExec1551688157/fast"
/usr/bin/make -f CMakeFiles/cmTryCompileExec1551688157.dir/build.make CMakeFiles/cmTryCompileExec1551688157.dir/build
make[1]: Entering directory `/home/dev/catkin_ws/build/CMakeFiles/CMakeTmp'
/usr/bin/cmake -E cmake_progress_report /home/dev/catkin_ws/build/CMakeFiles/CMakeTmp/CMakeFiles 1
Building C object CMakeFiles/cmTryCompileExec1551688157.dir/CheckFunctionExists.c.o
/usr/bin/cc   -DCHECK_FUNCTION_EXISTS=pthread_create   -o CMakeFiles/cmTryCompileExec1551688157.dir/CheckFunctionExists.c.o   -c /usr/share/cmake-2.8/Modules/CheckFunctionExists.c
Linking C executable cmTryCompileExec1551688157
/usr/bin/cmake -E cmake_link_script CMakeFiles/cmTryCompileExec1551688157.dir/link.txt --verbose=1
/usr/bin/cc   -DCHECK_FUNCTION_EXISTS=pthread_create    CMakeFiles/cmTryCompileExec1551688157.dir/CheckFunctionExists.c.o  -o cmTryCompileExec1551688157 -rdynamic -lpthreads 
/usr/bin/ld: cannot find -lpthreads
collect2: error: ld returned 1 exit status
make[1]: Leaving directory `/home/dev/catkin_ws/build/CMakeFiles/CMakeTmp'
make[1]: *** [cmTryCompileExec1551688157] Error 1
make: *** [cmTryCompileExec1551688157/fast] Error 2


